Warning[205] C:\USERS\OTTER\MPLABXPROJECTS\LAB06.X\LAB06.ASM 1 : Found directive in column 1. (LIST)
Warning[207] C:\USERS\OTTER\MPLABXPROJECTS\LAB06.X\LAB06.ASM 7 : Found label after column 1. (L1)
Warning[207] C:\USERS\OTTER\MPLABXPROJECTS\LAB06.X\LAB06.ASM 8 : Found label after column 1. (L2)
Warning[205] C:\USERS\OTTER\MPLABXPROJECTS\LAB06.X\LAB06.ASM 32 : Found directive in column 1. (endm)
Warning[203] C:\USERS\OTTER\MPLABXPROJECTS\LAB06.X\LAB06.ASM 38 : Found opcode in column 1. (MOVLW)
Warning[203] C:\USERS\OTTER\MPLABXPROJECTS\LAB06.X\LAB06.ASM 39 : Found opcode in column 1. (MOVWF)
Warning[203] C:\USERS\OTTER\MPLABXPROJECTS\LAB06.X\LAB06.ASM 41 : Found opcode in column 1. (MOVLW)
Warning[203] C:\USERS\OTTER\MPLABXPROJECTS\LAB06.X\LAB06.ASM 42 : Found opcode in column 1. (MOVWF)
Warning[203] C:\USERS\OTTER\MPLABXPROJECTS\LAB06.X\LAB06.ASM 43 : Found opcode in column 1. (CLRF)
Warning[203] C:\USERS\OTTER\MPLABXPROJECTS\LAB06.X\LAB06.ASM 44 : Found opcode in column 1. (BSF)
Warning[203] C:\USERS\OTTER\MPLABXPROJECTS\LAB06.X\LAB06.ASM 45 : Found opcode in column 1. (CLRF)
Warning[203] C:\USERS\OTTER\MPLABXPROJECTS\LAB06.X\LAB06.ASM 46 : Found opcode in column 1. (MOVLW)
Warning[203] C:\USERS\OTTER\MPLABXPROJECTS\LAB06.X\LAB06.ASM 47 : Found opcode in column 1. (CLRF)
Warning[207] C:\USERS\OTTER\MPLABXPROJECTS\LAB06.X\LAB06.ASM 19 : Found label after column 1. (LOOP2)
Warning[207] C:\USERS\OTTER\MPLABXPROJECTS\LAB06.X\LAB06.ASM 22 : Found label after column 1. (LOOP1)
Warning[207] C:\USERS\OTTER\MPLABXPROJECTS\LAB06.X\LAB06.ASM 19 : Found label after column 1. (LOOP2)
Warning[207] C:\USERS\OTTER\MPLABXPROJECTS\LAB06.X\LAB06.ASM 22 : Found label after column 1. (LOOP1)
Warning[207] C:\USERS\OTTER\MPLABXPROJECTS\LAB06.X\LAB06.ASM 19 : Found label after column 1. (LOOP2)
Warning[207] C:\USERS\OTTER\MPLABXPROJECTS\LAB06.X\LAB06.ASM 22 : Found label after column 1. (LOOP1)
Warning[207] C:\USERS\OTTER\MPLABXPROJECTS\LAB06.X\LAB06.ASM 19 : Found label after column 1. (LOOP2)
Warning[207] C:\USERS\OTTER\MPLABXPROJECTS\LAB06.X\LAB06.ASM 22 : Found label after column 1. (LOOP1)
Warning[207] C:\USERS\OTTER\MPLABXPROJECTS\LAB06.X\LAB06.ASM 19 : Found label after column 1. (LOOP2)
Warning[207] C:\USERS\OTTER\MPLABXPROJECTS\LAB06.X\LAB06.ASM 22 : Found label after column 1. (LOOP1)
Warning[205] C:\USERS\OTTER\MPLABXPROJECTS\LAB06.X\LAB06.ASM 93 : Found directive in column 1. (end)
