

Microchip MPLAB XC8 Assembler V2.45 build 20230818022343 
                                                                                               Thu Oct 19 16:00:25 2023

Microchip MPLAB XC8 C Compiler v2.45 (Free license) build 20230818022343 Og1 
     1                           	processor	18F4520
     2                           	fnconf	rparam,??,?,0
     3                           	pagewidth 120
     4                           	opt	flic
     5                           	psect	cinit,global,reloc=2,class=CODE,delta=1
     6                           	psect	cstackCOMRAM,global,class=COMRAM,space=1,delta=1,lowdata,noexec
     7                           	psect	text0,global,reloc=2,class=CODE,delta=1
     8                           	psect	smallconst,global,reloc=2,class=SMALLCONST,delta=1,noexec
     9                           	psect	intsave_regs,global,class=BIGRAM,space=1,delta=1,noexec
    10                           	psect	rparam,global,class=COMRAM,space=1,delta=1,noexec
    11                           	psect	idloc,global,abs,ovrld,class=IDLOC,space=5,delta=1,noexec
    12                           	psect	config,global,abs,ovrld,class=CONFIG,space=4,delta=1,noexec
    13   000000                     
    14                           ; Generated 18/08/2023 GMT
    15                           ; 
    16                           ; Copyright © 2023, Microchip Technology Inc. and its subsidiaries ("Microchip")
    17                           ; All rights reserved.
    18                           ; 
    19                           ; This software is developed by Microchip Technology Inc. and its subsidiaries ("Microch
      +                          ip").
    20                           ; 
    21                           ; Redistribution and use in source and binary forms, with or without modification, are
    22                           ; permitted provided that the following conditions are met:
    23                           ; 
    24                           ;     1. Redistributions of source code must retain the above copyright notice, this lis
      +                          t of
    25                           ;        conditions and the following disclaimer.
    26                           ; 
    27                           ;     2. Redistributions in binary form must reproduce the above copyright notice, this 
      +                          list
    28                           ;        of conditions and the following disclaimer in the documentation and/or other
    29                           ;        materials provided with the distribution. Publication is not required when
    30                           ;        this file is used in an embedded application.
    31                           ; 
    32                           ;     3. Microchip's name may not be used to endorse or promote products derived from th
      +                          is
    33                           ;        software without specific prior written permission.
    34                           ; 
    35                           ; THIS SOFTWARE IS PROVIDED BY MICROCHIP "AS IS" AND ANY EXPRESS OR IMPLIED WARRANTIES,
    36                           ; INCLUDING, BUT NOT LIMITED TO, THE IMPLIED WARRANTIES OF MERCHANTABILITY AND FITNESS F
      +                          OR
    37                           ; PURPOSE ARE DISCLAIMED.  IN NO EVENT SHALL MICROCHIP BE LIABLE FOR ANY DIRECT, INDIREC
      +                          T,
    38                           ; INCIDENTAL, SPECIAL, EXEMPLARY, OR CONSEQUENTIAL DAMAGES (INCLUDING BUT NOT LIMITED TO
    39                           ; PROCUREMENT OF SUBSTITUTE GOODS OR SERVICES; LOSS OF USE, DATA OR PROFITS; OR BUSINESS
    40                           ; INTERRUPTION) HOWSOEVER CAUSED AND ON ANY THEORY OF LIABILITY, WHETHER IN CONTRACT, ST
      +                          RICT
    41                           ; LIABILITY, OR TORT (INCLUDING NEGLIGENCE OR OTHERWISE) ARISING IN ANY WAY OUT OF THE U
      +                          SE OF
    42                           ; THIS SOFTWARE, EVEN IF ADVISED OF THE POSSIBILITY OF SUCH DAMAGE.
    43                           ; 
    44                           ; 
    45                           ; Code-generator required, PIC18F4520 Definitions
    46                           ; 
    47                           ; SFR Addresses
    48   000000                     
    49                           ; #config settings
    50                           
    51                           	psect	cinit
    52   00063E                     __pcinit:
    53                           	callstack 0
    54   00063E                     start_initialization:
    55                           	callstack 0
    56   00063E                     __initialization:
    57                           	callstack 0
    58   00063E                     end_of_initialization:
    59                           	callstack 0
    60   00063E                     __end_of__initialization:
    61                           	callstack 0
    62   00063E  0100               	movlb	0
    63   000640  EF14  F003         	goto	_main	;jump to C main() function
    64                           
    65                           	psect	cstackCOMRAM
    66   000001                     __pcstackCOMRAM:
    67                           	callstack 0
    68   000001                     main@result:
    69                           	callstack 0
    70   000001                     _is_square$0:
    71                           	callstack 0
    72                           
    73                           ; 2 bytes @ 0x0
    74   000001                     	ds	2
    75                           
    76 ;;
    77 ;;Main: autosize = 0, tempsize = 0, incstack = 0, save=0
    78 ;;
    79 ;; *************** function _main *****************
    80 ;; Defined at:
    81 ;;		line 12 in file "MAIN.c"
    82 ;; Parameters:    Size  Location     Type
    83 ;;		None
    84 ;; Auto vars:     Size  Location     Type
    85 ;;  result          1    0[COMRAM] volatile unsigned char 
    86 ;; Return value:  Size  Location     Type
    87 ;;                  1    wreg      void 
    88 ;; Registers used:
    89 ;;		wreg, fsr0l, fsr0h, fsr1l, fsr1h, fsr1l, fsr1h, fsr2l, fsr2h, bsr, status,2, status,0, pcl, pclath, pclatu, btemp, b
      +temp+1, btemp+2, btemp+3, btemp+4, btemp+5, btemp+6, btemp+7, btemp+8, btemp+9, btemp+10, btemp+11, btemp+12, btemp+13, 
      +btemp+14, btemp+15, btemp+16, btemp+17, btemp+18, btemp+19, btemp+20, btemp+21, btemp+22, btemp+23, btemp+24, btemp+25, 
      +btemp+26, btemp+27, btemp+28, btemp+29, btemp+30, btemp+31, tosl, structret, tblptrl, tblptrh, tblptru, prodl, prodh, cs
      +tack
    90 ;; Tracked objects:
    91 ;;		On entry : 0/0
    92 ;;		On exit  : 0/0
    93 ;;		Unchanged: 0/0
    94 ;; Data sizes:     COMRAM   BANK0   BANK1   BANK2   BANK3   BANK4   BANK5
    95 ;;      Params:         0       0       0       0       0       0       0
    96 ;;      Locals:         1       0       0       0       0       0       0
    97 ;;      Temps:          0       0       0       0       0       0       0
    98 ;;      Totals:         1       0       0       0       0       0       0
    99 ;;Total ram usage:        1 bytes
   100 ;; Hardware stack levels required when called: 1
   101 ;; This function calls:
   102 ;;		_is_square
   103 ;; This function is called by:
   104 ;;		Startup code after reset
   105 ;; This function uses a non-reentrant model
   106 ;;
   107                           
   108                           	psect	text0
   109   000628                     __ptext0:
   110                           	callstack 0
   111   000628                     _main:
   112                           	callstack 30
   113   000628                     
   114                           ;MAIN.c: 13:     volatile unsigned char result = is_square(9);
   115   000628  0E00               	movlw	0
   116   00062A  6E02               	movwf	(_is_square$0+1)^0,c
   117   00062C  0E09               	movlw	9
   118   00062E  6E01               	movwf	_is_square$0^0,c
   119   000630  EC01  F003         	call	_is_square	;wreg free
   120   000634  6E01               	movwf	main@result^0,c	;volatile
   121   000636                     l7:
   122   000636  EF1B  F003         	goto	l7
   123   00063A  EF00  F000         	goto	start
   124   00063E                     __end_of_main:
   125                           	callstack 0
   126                           
   127                           	psect	smallconst
   128   000600                     __psmallconst:
   129                           	callstack 0
   130   000600  00                 	db	0
   131   000601  00                 	db	0	; dummy byte at the end
   132   000000                     
   133                           	psect	rparam
   134   000000                     
   135                           	psect	idloc
   136                           
   137                           ;Config register IDLOC0 @ 0x200000
   138                           ;	unspecified, using default values
   139   200000                     	org	2097152
   140   200000  FF                 	db	255
   141                           
   142                           ;Config register IDLOC1 @ 0x200001
   143                           ;	unspecified, using default values
   144   200001                     	org	2097153
   145   200001  FF                 	db	255
   146                           
   147                           ;Config register IDLOC2 @ 0x200002
   148                           ;	unspecified, using default values
   149   200002                     	org	2097154
   150   200002  FF                 	db	255
   151                           
   152                           ;Config register IDLOC3 @ 0x200003
   153                           ;	unspecified, using default values
   154   200003                     	org	2097155
   155   200003  FF                 	db	255
   156                           
   157                           ;Config register IDLOC4 @ 0x200004
   158                           ;	unspecified, using default values
   159   200004                     	org	2097156
   160   200004  FF                 	db	255
   161                           
   162                           ;Config register IDLOC5 @ 0x200005
   163                           ;	unspecified, using default values
   164   200005                     	org	2097157
   165   200005  FF                 	db	255
   166                           
   167                           ;Config register IDLOC6 @ 0x200006
   168                           ;	unspecified, using default values
   169   200006                     	org	2097158
   170   200006  FF                 	db	255
   171                           
   172                           ;Config register IDLOC7 @ 0x200007
   173                           ;	unspecified, using default values
   174   200007                     	org	2097159
   175   200007  FF                 	db	255
   176                           
   177                           	psect	config
   178                           
   179                           ; Padding undefined space
   180   300000                     	org	3145728
   181   300000  FF                 	db	255
   182                           
   183                           ;Config register CONFIG1H @ 0x300001
   184                           ;	unspecified, using default values
   185                           ;	Oscillator Selection bits
   186                           ;	OSC = 0x7, unprogrammed default
   187                           ;	Fail-Safe Clock Monitor Enable bit
   188                           ;	FCMEN = 0x0, unprogrammed default
   189                           ;	Internal/External Oscillator Switchover bit
   190                           ;	IESO = 0x0, unprogrammed default
   191   300001                     	org	3145729
   192   300001  07                 	db	7
   193                           
   194                           ;Config register CONFIG2L @ 0x300002
   195                           ;	unspecified, using default values
   196                           ;	Power-up Timer Enable bit
   197                           ;	PWRT = 0x1, unprogrammed default
   198                           ;	Brown-out Reset Enable bits
   199                           ;	BOREN = 0x3, unprogrammed default
   200                           ;	Brown Out Reset Voltage bits
   201                           ;	BORV = 0x3, unprogrammed default
   202   300002                     	org	3145730
   203   300002  1F                 	db	31
   204                           
   205                           ;Config register CONFIG2H @ 0x300003
   206                           ;	unspecified, using default values
   207                           ;	Watchdog Timer Enable bit
   208                           ;	WDT = 0x1, unprogrammed default
   209                           ;	Watchdog Timer Postscale Select bits
   210                           ;	WDTPS = 0xF, unprogrammed default
   211   300003                     	org	3145731
   212   300003  1F                 	db	31
   213                           
   214                           ; Padding undefined space
   215   300004                     	org	3145732
   216   300004  FF                 	db	255
   217                           
   218                           ;Config register CONFIG3H @ 0x300005
   219                           ;	unspecified, using default values
   220                           ;	CCP2 MUX bit
   221                           ;	CCP2MX = 0x1, unprogrammed default
   222                           ;	PORTB A/D Enable bit
   223                           ;	PBADEN = 0x1, unprogrammed default
   224                           ;	Low-Power Timer1 Oscillator Enable bit
   225                           ;	LPT1OSC = 0x0, unprogrammed default
   226                           ;	MCLR Pin Enable bit
   227                           ;	MCLRE = 0x1, unprogrammed default
   228   300005                     	org	3145733
   229   300005  83                 	db	131
   230                           
   231                           ;Config register CONFIG4L @ 0x300006
   232                           ;	unspecified, using default values
   233                           ;	Stack Full/Underflow Reset Enable bit
   234                           ;	STVREN = 0x1, unprogrammed default
   235                           ;	Single-Supply ICSP Enable bit
   236                           ;	LVP = 0x1, unprogrammed default
   237                           ;	Extended Instruction Set Enable bit
   238                           ;	XINST = 0x0, unprogrammed default
   239                           ;	Background Debugger Enable bit
   240                           ;	DEBUG = 0x1, unprogrammed default
   241   300006                     	org	3145734
   242   300006  85                 	db	133
   243                           
   244                           ; Padding undefined space
   245   300007                     	org	3145735
   246   300007  FF                 	db	255
   247                           
   248                           ;Config register CONFIG5L @ 0x300008
   249                           ;	unspecified, using default values
   250                           ;	Code Protection bit
   251                           ;	CP0 = 0x1, unprogrammed default
   252                           ;	Code Protection bit
   253                           ;	CP1 = 0x1, unprogrammed default
   254                           ;	Code Protection bit
   255                           ;	CP2 = 0x1, unprogrammed default
   256                           ;	Code Protection bit
   257                           ;	CP3 = 0x1, unprogrammed default
   258   300008                     	org	3145736
   259   300008  0F                 	db	15
   260                           
   261                           ;Config register CONFIG5H @ 0x300009
   262                           ;	unspecified, using default values
   263                           ;	Boot Block Code Protection bit
   264                           ;	CPB = 0x1, unprogrammed default
   265                           ;	Data EEPROM Code Protection bit
   266                           ;	CPD = 0x1, unprogrammed default
   267   300009                     	org	3145737
   268   300009  C0                 	db	192
   269                           
   270                           ;Config register CONFIG6L @ 0x30000A
   271                           ;	unspecified, using default values
   272                           ;	Write Protection bit
   273                           ;	WRT0 = 0x1, unprogrammed default
   274                           ;	Write Protection bit
   275                           ;	WRT1 = 0x1, unprogrammed default
   276                           ;	Write Protection bit
   277                           ;	WRT2 = 0x1, unprogrammed default
   278                           ;	Write Protection bit
   279                           ;	WRT3 = 0x1, unprogrammed default
   280   30000A                     	org	3145738
   281   30000A  0F                 	db	15
   282                           
   283                           ;Config register CONFIG6H @ 0x30000B
   284                           ;	unspecified, using default values
   285                           ;	Configuration Register Write Protection bit
   286                           ;	WRTC = 0x1, unprogrammed default
   287                           ;	Boot Block Write Protection bit
   288                           ;	WRTB = 0x1, unprogrammed default
   289                           ;	Data EEPROM Write Protection bit
   290                           ;	WRTD = 0x1, unprogrammed default
   291   30000B                     	org	3145739
   292   30000B  E0                 	db	224
   293                           
   294                           ;Config register CONFIG7L @ 0x30000C
   295                           ;	unspecified, using default values
   296                           ;	Table Read Protection bit
   297                           ;	EBTR0 = 0x1, unprogrammed default
   298                           ;	Table Read Protection bit
   299                           ;	EBTR1 = 0x1, unprogrammed default
   300                           ;	Table Read Protection bit
   301                           ;	EBTR2 = 0x1, unprogrammed default
   302                           ;	Table Read Protection bit
   303                           ;	EBTR3 = 0x1, unprogrammed default
   304   30000C                     	org	3145740
   305   30000C  0F                 	db	15
   306                           
   307                           ;Config register CONFIG7H @ 0x30000D
   308                           ;	unspecified, using default values
   309                           ;	Boot Block Table Read Protection bit
   310                           ;	EBTRB = 0x1, unprogrammed default
   311   30000D                     	org	3145741
   312   30000D  40                 	db	64
   313                           tosu	equ	0xFFF
   314                           tosh	equ	0xFFE
   315                           tosl	equ	0xFFD
   316                           stkptr	equ	0xFFC
   317                           pclatu	equ	0xFFB
   318                           pclath	equ	0xFFA
   319                           pcl	equ	0xFF9
   320                           tblptru	equ	0xFF8
   321                           tblptrh	equ	0xFF7
   322                           tblptrl	equ	0xFF6
   323                           tablat	equ	0xFF5
   324                           prodh	equ	0xFF4
   325                           prodl	equ	0xFF3
   326                           indf0	equ	0xFEF
   327                           postinc0	equ	0xFEE
   328                           postdec0	equ	0xFED
   329                           preinc0	equ	0xFEC
   330                           plusw0	equ	0xFEB
   331                           fsr0h	equ	0xFEA
   332                           fsr0l	equ	0xFE9
   333                           wreg	equ	0xFE8
   334                           indf1	equ	0xFE7
   335                           postinc1	equ	0xFE6
   336                           postdec1	equ	0xFE5
   337                           preinc1	equ	0xFE4
   338                           plusw1	equ	0xFE3
   339                           fsr1h	equ	0xFE2
   340                           fsr1l	equ	0xFE1
   341                           bsr	equ	0xFE0
   342                           indf2	equ	0xFDF
   343                           postinc2	equ	0xFDE
   344                           postdec2	equ	0xFDD
   345                           preinc2	equ	0xFDC
   346                           plusw2	equ	0xFDB
   347                           fsr2h	equ	0xFDA
   348                           fsr2l	equ	0xFD9
   349                           status	equ	0xFD8

Data Sizes:
    Strings     0
    Constant    0
    Data        0
    BSS         0
    Persistent  0
    Stack       0

Auto Spaces:
    Space          Size  Autos    Used
    COMRAM          127      1       1
    BANK0           128      0       0
    BANK1           256      0       0
    BANK2           256      0       0
    BANK3           256      0       0
    BANK4           256      0       0
    BANK5           256      0       0

Pointer List with Targets:

    None.

Critical Paths under _main in COMRAM

    None.

Critical Paths under _main in BANK0

    None.

Critical Paths under _main in BANK1

    None.

Critical Paths under _main in BANK2

    None.

Critical Paths under _main in BANK3

    None.

Critical Paths under _main in BANK4

    None.

Critical Paths under _main in BANK5

    None.

Call Graph Tables:

 ---------------------------------------------------------------------------------
 (Depth) Function   	        Calls       Base Space   Used Autos Params    Refs
 ---------------------------------------------------------------------------------
 (0) _main                                                 1     1      0      13
                                              0 COMRAM     1     1      0
                          _is_square
 ---------------------------------------------------------------------------------
 (1) _is_square                                            2     0      2      12
 ---------------------------------------------------------------------------------
 Estimated maximum stack depth 1
 ---------------------------------------------------------------------------------

 Call Graph Graphs:

 _main (ROOT)
   _is_square

 Address spaces:
Name               Size   Autos  Total    Cost      Usage
BITCOMRAM           7F      0       0       0        0.0%
EEDATA             100      0       0       0        0.0%
NULL                 0      0       0       0        0.0%
CODE                 0      0       0       0        0.0%
COMRAM              7F      1       1       1        0.8%
STACK                0      0       0       2        0.0%
DATA                 0      0       0       3        0.0%
BITBANK0            80      0       0       4        0.0%
BANK0               80      0       0       5        0.0%
BITBANK1           100      0       0       6        0.0%
BANK1              100      0       0       7        0.0%
BITBANK2           100      0       0       8        0.0%
BANK2              100      0       0       9        0.0%
BITBANK3           100      0       0      10        0.0%
BANK3              100      0       0      11        0.0%
BITBANK4           100      0       0      12        0.0%
BANK4              100      0       0      13        0.0%
BITBANK5           100      0       0      14        0.0%
BANK5              100      0       0      15        0.0%
BITBIGSFR           80      0       0      16        0.0%
ABS                  0      0       0      17        0.0%
BIGRAM             5FF      0       0      18        0.0%
BIGSFR               0      0       0     200        0.0%
BITSFR               0      0       0     200        0.0%
SFR                  0      0       0     200        0.0%


Microchip Technology PIC18 Macro Assembler V2.45 build 20230818022343 
Symbol Table                                                                                   Thu Oct 19 16:00:25 2023

                      l7 0636                        l8 0636                      l688 0628  
                   _main 0628                     start 0000             ___param_bank 0000  
                  ?_main 0001          __initialization 063E             __end_of_main 063E  
                 ??_main 0001            __activetblptr 0000                   isa$std 0001  
           __mediumconst 0000               __accesstop 0080  __end_of__initialization 063E  
          ___rparam_used 0001           __pcstackCOMRAM 0001                  __Hparam 0000  
                __Lparam 0000             __psmallconst 0600                  __pcinit 063E  
                __ramtop 0600                  __ptext0 0628     end_of_initialization 063E  
             main@result 0001      start_initialization 063E              __smallconst 0600  
              _is_square 0602               ?_is_square 0001                 __Hrparam 0000  
               __Lrparam 0000              _is_square$0 0001                 isa$xinst 0000  
            ??_is_square 0001  
