Warning[205] C:\USERS\OTTER\MPLABXPROJECTS\LAB06_BONUS.X\LAB06_BONUS.ASM 1 : Found directive in column 1. (LIST)
Warning[207] C:\USERS\OTTER\MPLABXPROJECTS\LAB06_BONUS.X\LAB06_BONUS.ASM 7 : Found label after column 1. (L1)
Warning[207] C:\USERS\OTTER\MPLABXPROJECTS\LAB06_BONUS.X\LAB06_BONUS.ASM 8 : Found label after column 1. (L2)
Warning[205] C:\USERS\OTTER\MPLABXPROJECTS\LAB06_BONUS.X\LAB06_BONUS.ASM 32 : Found directive in column 1. (endm)
Warning[203] C:\USERS\OTTER\MPLABXPROJECTS\LAB06_BONUS.X\LAB06_BONUS.ASM 38 : Found opcode in column 1. (MOVLW)
Warning[203] C:\USERS\OTTER\MPLABXPROJECTS\LAB06_BONUS.X\LAB06_BONUS.ASM 39 : Found opcode in column 1. (MOVWF)
Warning[203] C:\USERS\OTTER\MPLABXPROJECTS\LAB06_BONUS.X\LAB06_BONUS.ASM 41 : Found opcode in column 1. (MOVLW)
Warning[203] C:\USERS\OTTER\MPLABXPROJECTS\LAB06_BONUS.X\LAB06_BONUS.ASM 42 : Found opcode in column 1. (MOVWF)
Warning[203] C:\USERS\OTTER\MPLABXPROJECTS\LAB06_BONUS.X\LAB06_BONUS.ASM 43 : Found opcode in column 1. (CLRF)
Warning[203] C:\USERS\OTTER\MPLABXPROJECTS\LAB06_BONUS.X\LAB06_BONUS.ASM 44 : Found opcode in column 1. (BSF)
Warning[203] C:\USERS\OTTER\MPLABXPROJECTS\LAB06_BONUS.X\LAB06_BONUS.ASM 45 : Found opcode in column 1. (CLRF)
Warning[203] C:\USERS\OTTER\MPLABXPROJECTS\LAB06_BONUS.X\LAB06_BONUS.ASM 46 : Found opcode in column 1. (MOVLW)
Warning[203] C:\USERS\OTTER\MPLABXPROJECTS\LAB06_BONUS.X\LAB06_BONUS.ASM 47 : Found opcode in column 1. (CLRF)
Warning[202] C:\USERS\OTTER\MPLABXPROJECTS\LAB06_BONUS.X\LAB06_BONUS.ASM 17 : Argument out of range.  Least significant bits used.
Warning[207] C:\USERS\OTTER\MPLABXPROJECTS\LAB06_BONUS.X\LAB06_BONUS.ASM 19 : Found label after column 1. (LOOP2)
Warning[202] C:\USERS\OTTER\MPLABXPROJECTS\LAB06_BONUS.X\LAB06_BONUS.ASM 20 : Argument out of range.  Least significant bits used.
Warning[207] C:\USERS\OTTER\MPLABXPROJECTS\LAB06_BONUS.X\LAB06_BONUS.ASM 22 : Found label after column 1. (LOOP1)
Warning[207] C:\USERS\OTTER\MPLABXPROJECTS\LAB06_BONUS.X\LAB06_BONUS.ASM 62 : Found label after column 1. (_STAT1)
Warning[202] C:\USERS\OTTER\MPLABXPROJECTS\LAB06_BONUS.X\LAB06_BONUS.ASM 17 : Argument out of range.  Least significant bits used.
Warning[207] C:\USERS\OTTER\MPLABXPROJECTS\LAB06_BONUS.X\LAB06_BONUS.ASM 19 : Found label after column 1. (LOOP2)
Warning[202] C:\USERS\OTTER\MPLABXPROJECTS\LAB06_BONUS.X\LAB06_BONUS.ASM 20 : Argument out of range.  Least significant bits used.
Warning[207] C:\USERS\OTTER\MPLABXPROJECTS\LAB06_BONUS.X\LAB06_BONUS.ASM 22 : Found label after column 1. (LOOP1)
Warning[202] C:\USERS\OTTER\MPLABXPROJECTS\LAB06_BONUS.X\LAB06_BONUS.ASM 17 : Argument out of range.  Least significant bits used.
Warning[207] C:\USERS\OTTER\MPLABXPROJECTS\LAB06_BONUS.X\LAB06_BONUS.ASM 19 : Found label after column 1. (LOOP2)
Warning[202] C:\USERS\OTTER\MPLABXPROJECTS\LAB06_BONUS.X\LAB06_BONUS.ASM 20 : Argument out of range.  Least significant bits used.
Warning[207] C:\USERS\OTTER\MPLABXPROJECTS\LAB06_BONUS.X\LAB06_BONUS.ASM 22 : Found label after column 1. (LOOP1)
Warning[207] C:\USERS\OTTER\MPLABXPROJECTS\LAB06_BONUS.X\LAB06_BONUS.ASM 71 : Found label after column 1. (_STAT2)
Warning[202] C:\USERS\OTTER\MPLABXPROJECTS\LAB06_BONUS.X\LAB06_BONUS.ASM 17 : Argument out of range.  Least significant bits used.
Warning[207] C:\USERS\OTTER\MPLABXPROJECTS\LAB06_BONUS.X\LAB06_BONUS.ASM 19 : Found label after column 1. (LOOP2)
Warning[202] C:\USERS\OTTER\MPLABXPROJECTS\LAB06_BONUS.X\LAB06_BONUS.ASM 20 : Argument out of range.  Least significant bits used.
Warning[207] C:\USERS\OTTER\MPLABXPROJECTS\LAB06_BONUS.X\LAB06_BONUS.ASM 22 : Found label after column 1. (LOOP1)
Warning[202] C:\USERS\OTTER\MPLABXPROJECTS\LAB06_BONUS.X\LAB06_BONUS.ASM 17 : Argument out of range.  Least significant bits used.
Warning[207] C:\USERS\OTTER\MPLABXPROJECTS\LAB06_BONUS.X\LAB06_BONUS.ASM 19 : Found label after column 1. (LOOP2)
Warning[202] C:\USERS\OTTER\MPLABXPROJECTS\LAB06_BONUS.X\LAB06_BONUS.ASM 20 : Argument out of range.  Least significant bits used.
Warning[207] C:\USERS\OTTER\MPLABXPROJECTS\LAB06_BONUS.X\LAB06_BONUS.ASM 22 : Found label after column 1. (LOOP1)
Warning[207] C:\USERS\OTTER\MPLABXPROJECTS\LAB06_BONUS.X\LAB06_BONUS.ASM 80 : Found label after column 1. (_STAT3)
Warning[202] C:\USERS\OTTER\MPLABXPROJECTS\LAB06_BONUS.X\LAB06_BONUS.ASM 17 : Argument out of range.  Least significant bits used.
Warning[207] C:\USERS\OTTER\MPLABXPROJECTS\LAB06_BONUS.X\LAB06_BONUS.ASM 19 : Found label after column 1. (LOOP2)
Warning[202] C:\USERS\OTTER\MPLABXPROJECTS\LAB06_BONUS.X\LAB06_BONUS.ASM 20 : Argument out of range.  Least significant bits used.
Warning[207] C:\USERS\OTTER\MPLABXPROJECTS\LAB06_BONUS.X\LAB06_BONUS.ASM 22 : Found label after column 1. (LOOP1)
Warning[202] C:\USERS\OTTER\MPLABXPROJECTS\LAB06_BONUS.X\LAB06_BONUS.ASM 17 : Argument out of range.  Least significant bits used.
Warning[207] C:\USERS\OTTER\MPLABXPROJECTS\LAB06_BONUS.X\LAB06_BONUS.ASM 19 : Found label after column 1. (LOOP2)
Warning[202] C:\USERS\OTTER\MPLABXPROJECTS\LAB06_BONUS.X\LAB06_BONUS.ASM 20 : Argument out of range.  Least significant bits used.
Warning[207] C:\USERS\OTTER\MPLABXPROJECTS\LAB06_BONUS.X\LAB06_BONUS.ASM 22 : Found label after column 1. (LOOP1)
Warning[207] C:\USERS\OTTER\MPLABXPROJECTS\LAB06_BONUS.X\LAB06_BONUS.ASM 89 : Found label after column 1. (_STAT4)
Warning[202] C:\USERS\OTTER\MPLABXPROJECTS\LAB06_BONUS.X\LAB06_BONUS.ASM 17 : Argument out of range.  Least significant bits used.
Warning[207] C:\USERS\OTTER\MPLABXPROJECTS\LAB06_BONUS.X\LAB06_BONUS.ASM 19 : Found label after column 1. (LOOP2)
Warning[202] C:\USERS\OTTER\MPLABXPROJECTS\LAB06_BONUS.X\LAB06_BONUS.ASM 20 : Argument out of range.  Least significant bits used.
Warning[207] C:\USERS\OTTER\MPLABXPROJECTS\LAB06_BONUS.X\LAB06_BONUS.ASM 22 : Found label after column 1. (LOOP1)
Warning[202] C:\USERS\OTTER\MPLABXPROJECTS\LAB06_BONUS.X\LAB06_BONUS.ASM 17 : Argument out of range.  Least significant bits used.
Warning[207] C:\USERS\OTTER\MPLABXPROJECTS\LAB06_BONUS.X\LAB06_BONUS.ASM 19 : Found label after column 1. (LOOP2)
Warning[202] C:\USERS\OTTER\MPLABXPROJECTS\LAB06_BONUS.X\LAB06_BONUS.ASM 20 : Argument out of range.  Least significant bits used.
Warning[207] C:\USERS\OTTER\MPLABXPROJECTS\LAB06_BONUS.X\LAB06_BONUS.ASM 22 : Found label after column 1. (LOOP1)
Warning[207] C:\USERS\OTTER\MPLABXPROJECTS\LAB06_BONUS.X\LAB06_BONUS.ASM 100 : Found label after column 1. (STAT4)
Warning[202] C:\USERS\OTTER\MPLABXPROJECTS\LAB06_BONUS.X\LAB06_BONUS.ASM 17 : Argument out of range.  Least significant bits used.
Warning[207] C:\USERS\OTTER\MPLABXPROJECTS\LAB06_BONUS.X\LAB06_BONUS.ASM 19 : Found label after column 1. (LOOP2)
Warning[202] C:\USERS\OTTER\MPLABXPROJECTS\LAB06_BONUS.X\LAB06_BONUS.ASM 20 : Argument out of range.  Least significant bits used.
Warning[207] C:\USERS\OTTER\MPLABXPROJECTS\LAB06_BONUS.X\LAB06_BONUS.ASM 22 : Found label after column 1. (LOOP1)
Warning[202] C:\USERS\OTTER\MPLABXPROJECTS\LAB06_BONUS.X\LAB06_BONUS.ASM 17 : Argument out of range.  Least significant bits used.
Warning[207] C:\USERS\OTTER\MPLABXPROJECTS\LAB06_BONUS.X\LAB06_BONUS.ASM 19 : Found label after column 1. (LOOP2)
Warning[202] C:\USERS\OTTER\MPLABXPROJECTS\LAB06_BONUS.X\LAB06_BONUS.ASM 20 : Argument out of range.  Least significant bits used.
Warning[207] C:\USERS\OTTER\MPLABXPROJECTS\LAB06_BONUS.X\LAB06_BONUS.ASM 22 : Found label after column 1. (LOOP1)
Warning[207] C:\USERS\OTTER\MPLABXPROJECTS\LAB06_BONUS.X\LAB06_BONUS.ASM 109 : Found label after column 1. (STAT3)
Warning[202] C:\USERS\OTTER\MPLABXPROJECTS\LAB06_BONUS.X\LAB06_BONUS.ASM 17 : Argument out of range.  Least significant bits used.
Warning[207] C:\USERS\OTTER\MPLABXPROJECTS\LAB06_BONUS.X\LAB06_BONUS.ASM 19 : Found label after column 1. (LOOP2)
Warning[202] C:\USERS\OTTER\MPLABXPROJECTS\LAB06_BONUS.X\LAB06_BONUS.ASM 20 : Argument out of range.  Least significant bits used.
Warning[207] C:\USERS\OTTER\MPLABXPROJECTS\LAB06_BONUS.X\LAB06_BONUS.ASM 22 : Found label after column 1. (LOOP1)
Warning[202] C:\USERS\OTTER\MPLABXPROJECTS\LAB06_BONUS.X\LAB06_BONUS.ASM 17 : Argument out of range.  Least significant bits used.
Warning[207] C:\USERS\OTTER\MPLABXPROJECTS\LAB06_BONUS.X\LAB06_BONUS.ASM 19 : Found label after column 1. (LOOP2)
Warning[202] C:\USERS\OTTER\MPLABXPROJECTS\LAB06_BONUS.X\LAB06_BONUS.ASM 20 : Argument out of range.  Least significant bits used.
Warning[207] C:\USERS\OTTER\MPLABXPROJECTS\LAB06_BONUS.X\LAB06_BONUS.ASM 22 : Found label after column 1. (LOOP1)
Warning[207] C:\USERS\OTTER\MPLABXPROJECTS\LAB06_BONUS.X\LAB06_BONUS.ASM 118 : Found label after column 1. (STAT2)
Warning[202] C:\USERS\OTTER\MPLABXPROJECTS\LAB06_BONUS.X\LAB06_BONUS.ASM 17 : Argument out of range.  Least significant bits used.
Warning[207] C:\USERS\OTTER\MPLABXPROJECTS\LAB06_BONUS.X\LAB06_BONUS.ASM 19 : Found label after column 1. (LOOP2)
Warning[202] C:\USERS\OTTER\MPLABXPROJECTS\LAB06_BONUS.X\LAB06_BONUS.ASM 20 : Argument out of range.  Least significant bits used.
Warning[207] C:\USERS\OTTER\MPLABXPROJECTS\LAB06_BONUS.X\LAB06_BONUS.ASM 22 : Found label after column 1. (LOOP1)
Warning[202] C:\USERS\OTTER\MPLABXPROJECTS\LAB06_BONUS.X\LAB06_BONUS.ASM 17 : Argument out of range.  Least significant bits used.
Warning[207] C:\USERS\OTTER\MPLABXPROJECTS\LAB06_BONUS.X\LAB06_BONUS.ASM 19 : Found label after column 1. (LOOP2)
Warning[202] C:\USERS\OTTER\MPLABXPROJECTS\LAB06_BONUS.X\LAB06_BONUS.ASM 20 : Argument out of range.  Least significant bits used.
Warning[207] C:\USERS\OTTER\MPLABXPROJECTS\LAB06_BONUS.X\LAB06_BONUS.ASM 22 : Found label after column 1. (LOOP1)
Warning[207] C:\USERS\OTTER\MPLABXPROJECTS\LAB06_BONUS.X\LAB06_BONUS.ASM 127 : Found label after column 1. (STAT1)
Warning[202] C:\USERS\OTTER\MPLABXPROJECTS\LAB06_BONUS.X\LAB06_BONUS.ASM 17 : Argument out of range.  Least significant bits used.
Warning[207] C:\USERS\OTTER\MPLABXPROJECTS\LAB06_BONUS.X\LAB06_BONUS.ASM 19 : Found label after column 1. (LOOP2)
Warning[202] C:\USERS\OTTER\MPLABXPROJECTS\LAB06_BONUS.X\LAB06_BONUS.ASM 20 : Argument out of range.  Least significant bits used.
Warning[207] C:\USERS\OTTER\MPLABXPROJECTS\LAB06_BONUS.X\LAB06_BONUS.ASM 22 : Found label after column 1. (LOOP1)
Warning[202] C:\USERS\OTTER\MPLABXPROJECTS\LAB06_BONUS.X\LAB06_BONUS.ASM 17 : Argument out of range.  Least significant bits used.
Warning[207] C:\USERS\OTTER\MPLABXPROJECTS\LAB06_BONUS.X\LAB06_BONUS.ASM 19 : Found label after column 1. (LOOP2)
Warning[202] C:\USERS\OTTER\MPLABXPROJECTS\LAB06_BONUS.X\LAB06_BONUS.ASM 20 : Argument out of range.  Least significant bits used.
Warning[207] C:\USERS\OTTER\MPLABXPROJECTS\LAB06_BONUS.X\LAB06_BONUS.ASM 22 : Found label after column 1. (LOOP1)
Warning[205] C:\USERS\OTTER\MPLABXPROJECTS\LAB06_BONUS.X\LAB06_BONUS.ASM 137 : Found directive in column 1. (end)
