Warning[205] C:\USERS\OTTER\MPLABXPROJECTS\LAB06_ADVANCED.X\LAB06_ADVANCED.ASM 1 : Found directive in column 1. (LIST)
Warning[207] C:\USERS\OTTER\MPLABXPROJECTS\LAB06_ADVANCED.X\LAB06_ADVANCED.ASM 7 : Found label after column 1. (L1)
Warning[207] C:\USERS\OTTER\MPLABXPROJECTS\LAB06_ADVANCED.X\LAB06_ADVANCED.ASM 8 : Found label after column 1. (L2)
Warning[205] C:\USERS\OTTER\MPLABXPROJECTS\LAB06_ADVANCED.X\LAB06_ADVANCED.ASM 32 : Found directive in column 1. (endm)
Warning[203] C:\USERS\OTTER\MPLABXPROJECTS\LAB06_ADVANCED.X\LAB06_ADVANCED.ASM 38 : Found opcode in column 1. (MOVLW)
Warning[203] C:\USERS\OTTER\MPLABXPROJECTS\LAB06_ADVANCED.X\LAB06_ADVANCED.ASM 39 : Found opcode in column 1. (MOVWF)
Warning[203] C:\USERS\OTTER\MPLABXPROJECTS\LAB06_ADVANCED.X\LAB06_ADVANCED.ASM 41 : Found opcode in column 1. (MOVLW)
Warning[203] C:\USERS\OTTER\MPLABXPROJECTS\LAB06_ADVANCED.X\LAB06_ADVANCED.ASM 42 : Found opcode in column 1. (MOVWF)
Warning[203] C:\USERS\OTTER\MPLABXPROJECTS\LAB06_ADVANCED.X\LAB06_ADVANCED.ASM 43 : Found opcode in column 1. (CLRF)
Warning[203] C:\USERS\OTTER\MPLABXPROJECTS\LAB06_ADVANCED.X\LAB06_ADVANCED.ASM 44 : Found opcode in column 1. (BSF)
Warning[203] C:\USERS\OTTER\MPLABXPROJECTS\LAB06_ADVANCED.X\LAB06_ADVANCED.ASM 45 : Found opcode in column 1. (CLRF)
Warning[203] C:\USERS\OTTER\MPLABXPROJECTS\LAB06_ADVANCED.X\LAB06_ADVANCED.ASM 46 : Found opcode in column 1. (MOVLW)
Warning[203] C:\USERS\OTTER\MPLABXPROJECTS\LAB06_ADVANCED.X\LAB06_ADVANCED.ASM 47 : Found opcode in column 1. (CLRF)
Warning[202] C:\USERS\OTTER\MPLABXPROJECTS\LAB06_ADVANCED.X\LAB06_ADVANCED.ASM 17 : Argument out of range.  Least significant bits used.
Warning[207] C:\USERS\OTTER\MPLABXPROJECTS\LAB06_ADVANCED.X\LAB06_ADVANCED.ASM 19 : Found label after column 1. (LOOP2)
Warning[202] C:\USERS\OTTER\MPLABXPROJECTS\LAB06_ADVANCED.X\LAB06_ADVANCED.ASM 20 : Argument out of range.  Least significant bits used.
Warning[207] C:\USERS\OTTER\MPLABXPROJECTS\LAB06_ADVANCED.X\LAB06_ADVANCED.ASM 22 : Found label after column 1. (LOOP1)
Warning[202] C:\USERS\OTTER\MPLABXPROJECTS\LAB06_ADVANCED.X\LAB06_ADVANCED.ASM 17 : Argument out of range.  Least significant bits used.
Warning[207] C:\USERS\OTTER\MPLABXPROJECTS\LAB06_ADVANCED.X\LAB06_ADVANCED.ASM 19 : Found label after column 1. (LOOP2)
Warning[202] C:\USERS\OTTER\MPLABXPROJECTS\LAB06_ADVANCED.X\LAB06_ADVANCED.ASM 20 : Argument out of range.  Least significant bits used.
Warning[207] C:\USERS\OTTER\MPLABXPROJECTS\LAB06_ADVANCED.X\LAB06_ADVANCED.ASM 22 : Found label after column 1. (LOOP1)
Warning[202] C:\USERS\OTTER\MPLABXPROJECTS\LAB06_ADVANCED.X\LAB06_ADVANCED.ASM 17 : Argument out of range.  Least significant bits used.
Warning[207] C:\USERS\OTTER\MPLABXPROJECTS\LAB06_ADVANCED.X\LAB06_ADVANCED.ASM 19 : Found label after column 1. (LOOP2)
Warning[202] C:\USERS\OTTER\MPLABXPROJECTS\LAB06_ADVANCED.X\LAB06_ADVANCED.ASM 20 : Argument out of range.  Least significant bits used.
Warning[207] C:\USERS\OTTER\MPLABXPROJECTS\LAB06_ADVANCED.X\LAB06_ADVANCED.ASM 22 : Found label after column 1. (LOOP1)
Warning[202] C:\USERS\OTTER\MPLABXPROJECTS\LAB06_ADVANCED.X\LAB06_ADVANCED.ASM 17 : Argument out of range.  Least significant bits used.
Warning[207] C:\USERS\OTTER\MPLABXPROJECTS\LAB06_ADVANCED.X\LAB06_ADVANCED.ASM 19 : Found label after column 1. (LOOP2)
Warning[202] C:\USERS\OTTER\MPLABXPROJECTS\LAB06_ADVANCED.X\LAB06_ADVANCED.ASM 20 : Argument out of range.  Least significant bits used.
Warning[207] C:\USERS\OTTER\MPLABXPROJECTS\LAB06_ADVANCED.X\LAB06_ADVANCED.ASM 22 : Found label after column 1. (LOOP1)
Warning[202] C:\USERS\OTTER\MPLABXPROJECTS\LAB06_ADVANCED.X\LAB06_ADVANCED.ASM 17 : Argument out of range.  Least significant bits used.
Warning[207] C:\USERS\OTTER\MPLABXPROJECTS\LAB06_ADVANCED.X\LAB06_ADVANCED.ASM 19 : Found label after column 1. (LOOP2)
Warning[202] C:\USERS\OTTER\MPLABXPROJECTS\LAB06_ADVANCED.X\LAB06_ADVANCED.ASM 20 : Argument out of range.  Least significant bits used.
Warning[207] C:\USERS\OTTER\MPLABXPROJECTS\LAB06_ADVANCED.X\LAB06_ADVANCED.ASM 22 : Found label after column 1. (LOOP1)
Warning[202] C:\USERS\OTTER\MPLABXPROJECTS\LAB06_ADVANCED.X\LAB06_ADVANCED.ASM 17 : Argument out of range.  Least significant bits used.
Warning[207] C:\USERS\OTTER\MPLABXPROJECTS\LAB06_ADVANCED.X\LAB06_ADVANCED.ASM 19 : Found label after column 1. (LOOP2)
Warning[202] C:\USERS\OTTER\MPLABXPROJECTS\LAB06_ADVANCED.X\LAB06_ADVANCED.ASM 20 : Argument out of range.  Least significant bits used.
Warning[207] C:\USERS\OTTER\MPLABXPROJECTS\LAB06_ADVANCED.X\LAB06_ADVANCED.ASM 22 : Found label after column 1. (LOOP1)
Warning[202] C:\USERS\OTTER\MPLABXPROJECTS\LAB06_ADVANCED.X\LAB06_ADVANCED.ASM 17 : Argument out of range.  Least significant bits used.
Warning[207] C:\USERS\OTTER\MPLABXPROJECTS\LAB06_ADVANCED.X\LAB06_ADVANCED.ASM 19 : Found label after column 1. (LOOP2)
Warning[202] C:\USERS\OTTER\MPLABXPROJECTS\LAB06_ADVANCED.X\LAB06_ADVANCED.ASM 20 : Argument out of range.  Least significant bits used.
Warning[207] C:\USERS\OTTER\MPLABXPROJECTS\LAB06_ADVANCED.X\LAB06_ADVANCED.ASM 22 : Found label after column 1. (LOOP1)
Warning[202] C:\USERS\OTTER\MPLABXPROJECTS\LAB06_ADVANCED.X\LAB06_ADVANCED.ASM 17 : Argument out of range.  Least significant bits used.
Warning[207] C:\USERS\OTTER\MPLABXPROJECTS\LAB06_ADVANCED.X\LAB06_ADVANCED.ASM 19 : Found label after column 1. (LOOP2)
Warning[202] C:\USERS\OTTER\MPLABXPROJECTS\LAB06_ADVANCED.X\LAB06_ADVANCED.ASM 20 : Argument out of range.  Least significant bits used.
Warning[207] C:\USERS\OTTER\MPLABXPROJECTS\LAB06_ADVANCED.X\LAB06_ADVANCED.ASM 22 : Found label after column 1. (LOOP1)
Warning[202] C:\USERS\OTTER\MPLABXPROJECTS\LAB06_ADVANCED.X\LAB06_ADVANCED.ASM 17 : Argument out of range.  Least significant bits used.
Warning[207] C:\USERS\OTTER\MPLABXPROJECTS\LAB06_ADVANCED.X\LAB06_ADVANCED.ASM 19 : Found label after column 1. (LOOP2)
Warning[202] C:\USERS\OTTER\MPLABXPROJECTS\LAB06_ADVANCED.X\LAB06_ADVANCED.ASM 20 : Argument out of range.  Least significant bits used.
Warning[207] C:\USERS\OTTER\MPLABXPROJECTS\LAB06_ADVANCED.X\LAB06_ADVANCED.ASM 22 : Found label after column 1. (LOOP1)
Warning[205] C:\USERS\OTTER\MPLABXPROJECTS\LAB06_ADVANCED.X\LAB06_ADVANCED.ASM 86 : Found directive in column 1. (end)
